TN:
SF:script/Counter.s.sol
FN:7,CounterScript.setUp
FNDA:0,CounterScript.setUp
FN:9,CounterScript.run
FNDA:0,CounterScript.run
DA:10,0
FNF:2
FNH:0
LF:1
LH:0
BRF:0
BRH:0
end_of_record
TN:
SF:src/Counter.sol
FN:7,Counter.setNumber
FNDA:0,Counter.setNumber
DA:8,0
FN:11,Counter.increment
FNDA:0,Counter.increment
DA:12,0
FNF:2
FNH:0
LF:2
LH:0
BRF:0
BRH:0
end_of_record
TN:
SF:src/UniswapV2ERC20.sol
FN:41,UniswapV2ERC20._mint
FNDA:0,UniswapV2ERC20._mint
DA:42,0
DA:43,0
DA:44,0
FN:47,UniswapV2ERC20._burn
FNDA:0,UniswapV2ERC20._burn
DA:48,0
DA:49,0
DA:50,0
FN:53,UniswapV2ERC20._approve
FNDA:0,UniswapV2ERC20._approve
DA:58,0
DA:59,0
FN:62,UniswapV2ERC20._transfer
FNDA:0,UniswapV2ERC20._transfer
DA:67,0
DA:68,0
DA:69,0
FN:72,UniswapV2ERC20.approve
FNDA:0,UniswapV2ERC20.approve
DA:73,0
DA:74,0
FN:77,UniswapV2ERC20.transfer
FNDA:0,UniswapV2ERC20.transfer
DA:78,0
DA:79,0
FN:82,UniswapV2ERC20.transferFrom
FNDA:0,UniswapV2ERC20.transferFrom
DA:87,0
BRDA:87,0,0,-
BRDA:87,0,1,-
DA:88,0
DA:92,0
DA:93,0
FN:96,UniswapV2ERC20.permit
FNDA:0,UniswapV2ERC20.permit
DA:105,0
BRDA:105,1,0,-
BRDA:105,1,1,-
DA:106,0
DA:122,0
DA:123,0
BRDA:123,2,0,-
BRDA:123,2,1,-
DA:127,0
FNF:8
FNH:0
LF:24
LH:0
BRF:6
BRH:0
end_of_record
TN:
SF:src/UniswapV2Factory.sol
FN:21,UniswapV2Factory.allPairsLength
FNDA:0,UniswapV2Factory.allPairsLength
DA:22,0
FN:25,UniswapV2Factory.createPair
FNDA:4,UniswapV2Factory.createPair
DA:29,4
BRDA:29,0,0,1
BRDA:29,0,1,3
DA:31,3
DA:34,3
BRDA:34,1,0,1
BRDA:34,1,1,2
DA:35,2
BRDA:35,2,0,1
BRDA:35,2,1,1
DA:39,1
DA:40,1
DA:42,1
DA:44,1
DA:45,1
DA:46,1
DA:47,1
DA:48,1
FN:51,UniswapV2Factory.setFeeTo
FNDA:2,UniswapV2Factory.setFeeTo
DA:52,2
BRDA:52,3,0,1
BRDA:52,3,1,1
DA:53,1
FN:56,UniswapV2Factory.setFeeToSetter
FNDA:2,UniswapV2Factory.setFeeToSetter
DA:57,2
BRDA:57,4,0,1
BRDA:57,4,1,1
DA:58,1
FNF:4
FNH:3
LF:17
LH:16
BRF:10
BRH:10
end_of_record
TN:
SF:src/UniswapV2Pair.sol
FN:40,UniswapV2Pair.getReserves
FNDA:0,UniswapV2Pair.getReserves
DA:49,0
DA:50,0
DA:51,0
FN:54,UniswapV2Pair._safeTransfer
FNDA:0,UniswapV2Pair._safeTransfer
DA:59,0
DA:62,0
BRDA:62,0,0,-
BRDA:62,0,1,-
FN:73,UniswapV2Pair.initialize
FNDA:1,UniswapV2Pair.initialize
DA:74,1
BRDA:74,1,0,-
BRDA:74,1,1,1
DA:75,1
DA:76,1
FN:80,UniswapV2Pair._update
FNDA:0,UniswapV2Pair._update
DA:86,0
BRDA:86,2,0,-
BRDA:86,2,1,-
DA:90,0
DA:91,0
DA:92,0
BRDA:92,3,0,-
BRDA:92,3,1,-
DA:94,0
DA:97,0
DA:101,0
DA:102,0
DA:103,0
DA:104,0
FN:108,UniswapV2Pair._mintFee
FNDA:0,UniswapV2Pair._mintFee
DA:112,0
DA:113,0
DA:114,0
DA:115,0
BRDA:115,4,0,-
BRDA:115,4,1,-
DA:116,0
BRDA:116,5,0,-
BRDA:116,5,1,-
DA:117,0
DA:118,0
DA:119,0
BRDA:119,6,0,-
BRDA:119,6,1,-
DA:120,0
DA:121,0
DA:122,0
DA:123,0
BRDA:123,7,0,-
BRDA:123,7,1,-
DA:126,0
BRDA:126,8,0,-
BRDA:126,8,1,-
DA:127,0
FN:132,UniswapV2Pair.mint
FNDA:0,UniswapV2Pair.mint
DA:133,0
DA:134,0
DA:135,0
DA:136,0
DA:137,0
DA:139,0
DA:140,0
DA:141,0
BRDA:141,9,0,-
BRDA:141,9,1,-
DA:142,0
DA:143,0
DA:145,0
DA:150,0
BRDA:150,10,0,-
BRDA:150,10,1,-
DA:151,0
DA:153,0
DA:154,0
BRDA:154,11,0,-
BRDA:154,11,1,-
DA:155,0
FN:159,UniswapV2Pair.burn
FNDA:0,UniswapV2Pair.burn
DA:164,0
DA:165,0
DA:166,0
DA:167,0
DA:168,0
DA:169,0
DA:171,0
DA:172,0
DA:173,0
DA:174,0
DA:175,0
BRDA:175,12,0,-
BRDA:175,12,1,-
DA:179,0
DA:180,0
DA:181,0
DA:182,0
DA:183,0
DA:185,0
DA:186,0
BRDA:186,13,0,-
BRDA:186,13,1,-
DA:187,0
FN:191,UniswapV2Pair.swap
FNDA:0,UniswapV2Pair.swap
DA:197,0
BRDA:197,14,0,-
BRDA:197,14,1,-
DA:201,0
DA:202,0
BRDA:202,15,0,-
BRDA:202,15,1,-
DA:207,0
DA:208,0
DA:211,0
DA:212,0
DA:213,0
BRDA:213,16,0,-
BRDA:213,16,1,-
DA:214,0
BRDA:214,17,0,-
BRDA:214,17,1,-
DA:215,0
BRDA:215,18,0,-
BRDA:215,18,1,-
DA:216,0
BRDA:216,19,0,-
BRDA:216,19,1,-
DA:217,0
DA:223,0
DA:224,0
DA:226,0
DA:229,0
DA:232,0
BRDA:232,20,0,-
BRDA:232,20,1,-
DA:238,0
DA:239,0
DA:240,0
BRDA:240,21,0,-
BRDA:240,21,1,-
DA:247,0
DA:248,0
FN:252,UniswapV2Pair.skim
FNDA:0,UniswapV2Pair.skim
DA:253,0
DA:254,0
DA:255,0
DA:260,0
FN:268,UniswapV2Pair.sync
FNDA:0,UniswapV2Pair.sync
DA:269,0
FNF:10
FNH:1
LF:94
LH:3
BRF:44
BRH:1
end_of_record
TN:
SF:src/UniswapV2Router02.sol
FN:38,UniswapV2Router02._addLiquidity
FNDA:0,UniswapV2Router02._addLiquidity
DA:47,0
BRDA:47,0,0,-
BRDA:47,0,1,-
DA:48,0
DA:50,0
DA:55,0
BRDA:55,1,0,-
BRDA:55,1,1,-
DA:56,0
DA:58,0
DA:63,0
BRDA:63,2,0,-
BRDA:63,2,1,-
DA:64,0
BRDA:64,3,0,-
BRDA:64,3,1,-
DA:68,0
DA:70,0
DA:75,0
BRDA:75,4,0,-
BRDA:75,4,1,-
DA:76,0
BRDA:76,5,0,-
BRDA:76,5,1,-
DA:80,0
FN:85,UniswapV2Router02.addLiquidity
FNDA:0,UniswapV2Router02.addLiquidity
DA:105,0
DA:114,0
DA:115,0
DA:116,0
DA:117,0
FN:120,UniswapV2Router02.addLiquidityETH
FNDA:0,UniswapV2Router02.addLiquidityETH
DA:139,0
DA:147,0
DA:148,0
DA:149,0
DA:150,0
BRDA:150,6,0,-
BRDA:150,6,1,-
DA:151,0
DA:153,0
BRDA:153,7,0,-
BRDA:153,7,1,-
DA:154,0
FN:158,UniswapV2Router02.removeLiquidity
FNDA:0,UniswapV2Router02.removeLiquidity
DA:173,0
DA:174,0
DA:179,0
DA:180,0
DA:181,0
DA:184,0
BRDA:184,8,0,-
BRDA:184,8,1,-
DA:188,0
BRDA:188,9,0,-
BRDA:188,9,1,-
FN:194,UniswapV2Router02.removeLiquidityETH
FNDA:0,UniswapV2Router02.removeLiquidityETH
DA:208,0
DA:217,0
DA:218,0
DA:219,0
FN:223,UniswapV2Router02.removeLiquidityWithPermit
FNDA:0,UniswapV2Router02.removeLiquidityWithPermit
DA:236,0
DA:237,0
DA:238,0
DA:247,0
FN:258,UniswapV2Router02.removeLiquidityETHWithPermit
FNDA:0,UniswapV2Router02.removeLiquidityETHWithPermit
DA:275,0
DA:276,0
DA:277,0
DA:286,0
FN:297,UniswapV2Router02.removeLiquidityETHSupportingFeeOnTransferTokens
FNDA:0,UniswapV2Router02.removeLiquidityETHSupportingFeeOnTransferTokens
DA:305,0
DA:314,0
DA:319,0
DA:320,0
FN:323,UniswapV2Router02.removeLiquidityETHWithPermitSupportingFeeOnTransferTokens
FNDA:0,UniswapV2Router02.removeLiquidityETHWithPermitSupportingFeeOnTransferTokens
DA:335,0
DA:336,0
DA:337,0
DA:346,0
FN:358,UniswapV2Router02._swap
FNDA:0,UniswapV2Router02._swap
DA:363,0
DA:364,0
DA:365,0
DA:366,0
DA:367,0
DA:370,0
DA:373,0
FN:378,UniswapV2Router02.swapExactTokensForTokens
FNDA:0,UniswapV2Router02.swapExactTokensForTokens
DA:391,0
DA:392,0
BRDA:392,10,0,-
BRDA:392,10,1,-
DA:396,0
DA:402,0
FN:405,UniswapV2Router02.swapTokensForExactTokens
FNDA:0,UniswapV2Router02.swapTokensForExactTokens
DA:418,0
DA:419,0
BRDA:419,11,0,-
BRDA:419,11,1,-
DA:423,0
DA:429,0
FN:432,UniswapV2Router02.swapExactETHForTokens
FNDA:0,UniswapV2Router02.swapExactETHForTokens
DA:445,0
BRDA:445,12,0,-
BRDA:445,12,1,-
DA:446,0
DA:447,0
BRDA:447,13,0,-
BRDA:447,13,1,-
DA:451,0
DA:452,0
BRDA:452,14,0,-
BRDA:452,14,1,-
DA:458,0
FN:461,UniswapV2Router02.swapTokensForExactETH
FNDA:0,UniswapV2Router02.swapTokensForExactETH
DA:474,0
BRDA:474,15,0,-
BRDA:474,15,1,-
DA:475,0
DA:476,0
BRDA:476,16,0,-
BRDA:476,16,1,-
DA:480,0
DA:486,0
DA:487,0
DA:488,0
FN:491,UniswapV2Router02.swapExactTokensForETH
FNDA:0,UniswapV2Router02.swapExactTokensForETH
DA:504,0
BRDA:504,17,0,-
BRDA:504,17,1,-
DA:505,0
DA:506,0
BRDA:506,18,0,-
BRDA:506,18,1,-
DA:510,0
DA:516,0
DA:517,0
DA:518,0
FN:521,UniswapV2Router02.swapETHForExactTokens
FNDA:0,UniswapV2Router02.swapETHForExactTokens
DA:534,0
BRDA:534,19,0,-
BRDA:534,19,1,-
DA:535,0
DA:536,0
BRDA:536,20,0,-
BRDA:536,20,1,-
DA:540,0
DA:541,0
BRDA:541,21,0,-
BRDA:541,21,1,-
DA:547,0
DA:549,0
BRDA:549,22,0,-
BRDA:549,22,1,-
DA:550,0
FN:555,UniswapV2Router02._swapSupportingFeeOnTransferTokens
FNDA:0,UniswapV2Router02._swapSupportingFeeOnTransferTokens
DA:559,0
DA:560,0
DA:561,0
DA:562,0
DA:565,0
DA:566,0
DA:569,0
DA:570,0
DA:573,0
DA:576,0
DA:582,0
DA:585,0
DA:588,0
FN:592,UniswapV2Router02.swapExactTokensForTokensSupportingFeeOnTransferTokens
FNDA:0,UniswapV2Router02.swapExactTokensForTokensSupportingFeeOnTransferTokens
DA:599,0
DA:605,0
DA:606,0
DA:607,0
BRDA:607,23,0,-
BRDA:607,23,1,-
FN:614,UniswapV2Router02.swapExactETHForTokensSupportingFeeOnTransferTokens
FNDA:0,UniswapV2Router02.swapExactETHForTokensSupportingFeeOnTransferTokens
DA:620,0
BRDA:620,24,0,-
BRDA:620,24,1,-
DA:621,0
DA:622,0
DA:623,0
BRDA:623,25,0,-
BRDA:623,25,1,-
DA:629,0
DA:630,0
DA:631,0
BRDA:631,26,0,-
BRDA:631,26,1,-
FN:638,UniswapV2Router02.swapExactTokensForETHSupportingFeeOnTransferTokens
FNDA:0,UniswapV2Router02.swapExactTokensForETHSupportingFeeOnTransferTokens
DA:645,0
BRDA:645,27,0,-
BRDA:645,27,1,-
DA:646,0
DA:652,0
DA:653,0
DA:654,0
BRDA:654,28,0,-
BRDA:654,28,1,-
DA:658,0
DA:659,0
FN:663,UniswapV2Router02.quote
FNDA:0,UniswapV2Router02.quote
DA:668,0
FN:671,UniswapV2Router02.getAmountOut
FNDA:0,UniswapV2Router02.getAmountOut
DA:676,0
FN:679,UniswapV2Router02.getAmountIn
FNDA:0,UniswapV2Router02.getAmountIn
DA:684,0
FN:687,UniswapV2Router02.getAmountsOut
FNDA:0,UniswapV2Router02.getAmountsOut
DA:694,0
FN:697,UniswapV2Router02.getAmountsIn
FNDA:0,UniswapV2Router02.getAmountsIn
DA:704,0
FNF:25
FNH:0
LF:132
LH:0
BRF:58
BRH:0
end_of_record
TN:
SF:src/libraries/Math.sol
FN:7,Math.min
FNDA:0,Math.min
DA:8,0
FN:12,Math.sqrt
FNDA:0,Math.sqrt
DA:13,0
BRDA:13,0,0,-
BRDA:13,0,1,-
DA:14,0
DA:15,0
DA:16,0
DA:17,0
DA:18,0
DA:20,0
BRDA:20,1,0,-
BRDA:20,1,1,-
DA:21,0
FNF:2
FNH:0
LF:9
LH:0
BRF:4
BRH:0
end_of_record
TN:
SF:src/libraries/SafeMath.sol
FN:7,SafeMath.add
FNDA:0,SafeMath.add
DA:8,0
BRDA:8,0,0,-
BRDA:8,0,1,-
FN:11,SafeMath.sub
FNDA:0,SafeMath.sub
DA:12,0
BRDA:12,1,0,-
BRDA:12,1,1,-
FN:15,SafeMath.mul
FNDA:0,SafeMath.mul
DA:16,0
BRDA:16,2,0,-
BRDA:16,2,1,-
FNF:3
FNH:0
LF:3
LH:0
BRF:6
BRH:0
end_of_record
TN:
SF:src/libraries/TransferHelper.sol
FN:7,TransferHelper.safeApprove
FNDA:0,TransferHelper.safeApprove
DA:13,0
DA:14,0
BRDA:14,0,0,-
BRDA:14,0,1,-
FN:20,TransferHelper.safeTransfer
FNDA:0,TransferHelper.safeTransfer
DA:26,0
DA:27,0
BRDA:27,1,0,-
BRDA:27,1,1,-
FN:33,TransferHelper.safeTransferFrom
FNDA:0,TransferHelper.safeTransferFrom
DA:40,0
DA:41,0
BRDA:41,2,0,-
BRDA:41,2,1,-
FN:47,TransferHelper.safeTransferETH
FNDA:0,TransferHelper.safeTransferETH
DA:48,0
DA:49,0
BRDA:49,3,0,-
BRDA:49,3,1,-
FNF:4
FNH:0
LF:8
LH:0
BRF:8
BRH:0
end_of_record
TN:
SF:src/libraries/UQ112x112.sol
FN:13,UQ112x112.encode
FNDA:0,UQ112x112.encode
DA:14,0
FN:18,UQ112x112.uqdiv
FNDA:0,UQ112x112.uqdiv
DA:19,0
FNF:2
FNH:0
LF:2
LH:0
BRF:0
BRH:0
end_of_record
TN:
SF:src/libraries/UniswapV2Library.sol
FN:12,UniswapV2Library.sortTokens
FNDA:0,UniswapV2Library.sortTokens
DA:17,0
BRDA:17,0,0,-
BRDA:17,0,1,-
DA:18,0
DA:21,0
BRDA:21,1,0,-
BRDA:21,1,1,-
FN:25,UniswapV2Library.pairFor
FNDA:0,UniswapV2Library.pairFor
DA:30,0
DA:31,0
FN:48,UniswapV2Library.getReserves
FNDA:0,UniswapV2Library.getReserves
DA:53,0
DA:54,0
DA:57,0
FN:63,UniswapV2Library.quote
FNDA:0,UniswapV2Library.quote
DA:68,0
BRDA:68,2,0,-
BRDA:68,2,1,-
DA:69,0
BRDA:69,3,0,-
BRDA:69,3,1,-
DA:73,0
FN:77,UniswapV2Library.getAmountOut
FNDA:0,UniswapV2Library.getAmountOut
DA:82,0
BRDA:82,4,0,-
BRDA:82,4,1,-
DA:83,0
BRDA:83,5,0,-
BRDA:83,5,1,-
DA:87,0
DA:88,0
DA:89,0
DA:90,0
FN:94,UniswapV2Library.getAmountIn
FNDA:0,UniswapV2Library.getAmountIn
DA:99,0
BRDA:99,6,0,-
BRDA:99,6,1,-
DA:100,0
BRDA:100,7,0,-
BRDA:100,7,1,-
DA:104,0
DA:105,0
DA:106,0
FN:110,UniswapV2Library.getAmountsOut
FNDA:0,UniswapV2Library.getAmountsOut
DA:115,0
BRDA:115,8,0,-
BRDA:115,8,1,-
DA:116,0
DA:117,0
DA:118,0
DA:119,0
DA:124,0
FN:129,UniswapV2Library.getAmountsIn
FNDA:0,UniswapV2Library.getAmountsIn
DA:134,0
BRDA:134,9,0,-
BRDA:134,9,1,-
DA:135,0
DA:136,0
DA:137,0
DA:138,0
DA:143,0
FNF:8
FNH:0
LF:34
LH:0
BRF:20
BRH:0
end_of_record
TN:
SF:test/BaseSetup.t.sol
FN:21,BaseSetup.setUp
FNDA:0,BaseSetup.setUp
DA:22,0
DA:23,0
DA:25,0
DA:26,0
DA:27,0
DA:28,0
DA:30,0
DA:31,0
DA:32,0
FNF:1
FNH:0
LF:9
LH:0
BRF:0
BRH:0
end_of_record
TN:
SF:test/Pair.t.sol
FN:11,PairTest.setUp
FNDA:0,PairTest.setUp
DA:12,0
FNF:1
FNH:0
LF:1
LH:0
BRF:0
BRH:0
end_of_record
TN:
SF:test/utils/Context.sol
FN:17,Context._msgSender
FNDA:0,Context._msgSender
DA:18,0
FN:21,Context._msgData
FNDA:0,Context._msgData
DA:22,0
FNF:2
FNH:0
LF:2
LH:0
BRF:0
BRH:0
end_of_record
TN:
SF:test/utils/ERC20.sol
FN:61,ERC20.name
FNDA:0,ERC20.name
DA:62,0
FN:69,ERC20.symbol
FNDA:0,ERC20.symbol
DA:70,0
FN:86,ERC20.decimals
FNDA:0,ERC20.decimals
DA:87,0
FN:93,ERC20.totalSupply
FNDA:0,ERC20.totalSupply
DA:94,0
FN:100,ERC20.balanceOf
FNDA:0,ERC20.balanceOf
DA:101,0
FN:112,ERC20.transfer
FNDA:0,ERC20.transfer
DA:113,0
DA:114,0
DA:115,0
FN:121,ERC20.allowance
FNDA:0,ERC20.allowance
DA:122,0
FN:135,ERC20.approve
FNDA:0,ERC20.approve
DA:136,0
DA:137,0
DA:138,0
FN:157,ERC20.transferFrom
FNDA:0,ERC20.transferFrom
DA:162,0
DA:163,0
DA:164,0
DA:165,0
FN:180,ERC20.increaseAllowance
FNDA:0,ERC20.increaseAllowance
DA:181,0
DA:182,0
DA:183,0
FN:200,ERC20.decreaseAllowance
FNDA:0,ERC20.decreaseAllowance
DA:201,0
DA:202,0
DA:203,0
BRDA:203,0,0,-
BRDA:203,0,1,-
DA:205,0
DA:208,0
FN:225,ERC20._transfer
FNDA:0,ERC20._transfer
DA:230,0
BRDA:230,1,0,-
BRDA:230,1,1,-
DA:231,0
BRDA:231,2,0,-
BRDA:231,2,1,-
DA:233,0
DA:235,0
DA:236,0
BRDA:236,3,0,-
BRDA:236,3,1,-
DA:238,0
DA:241,0
DA:244,0
DA:246,0
FN:258,ERC20._mint
FNDA:0,ERC20._mint
DA:259,0
BRDA:259,4,0,-
BRDA:259,4,1,-
DA:261,0
DA:263,0
DA:266,0
DA:268,0
DA:270,0
FN:284,ERC20._burn
FNDA:0,ERC20._burn
DA:285,0
BRDA:285,5,0,-
BRDA:285,5,1,-
DA:287,0
DA:289,0
DA:290,0
BRDA:290,6,0,-
BRDA:290,6,1,-
DA:292,0
DA:294,0
DA:297,0
DA:299,0
FN:315,ERC20._approve
FNDA:0,ERC20._approve
DA:320,0
BRDA:320,7,0,-
BRDA:320,7,1,-
DA:321,0
BRDA:321,8,0,-
BRDA:321,8,1,-
DA:323,0
DA:324,0
FN:335,ERC20._spendAllowance
FNDA:0,ERC20._spendAllowance
DA:340,0
DA:341,0
BRDA:341,9,0,-
BRDA:341,9,1,-
DA:342,0
BRDA:342,10,0,-
BRDA:342,10,1,-
DA:344,0
FN:363,ERC20._beforeTokenTransfer
FNDA:0,ERC20._beforeTokenTransfer
FN:383,ERC20._afterTokenTransfer
FNDA:0,ERC20._afterTokenTransfer
FNF:18
FNH:0
LF:55
LH:0
BRF:22
BRH:0
end_of_record
TN:
SF:test/utils/Utils.sol
FN:11,Utils.getNextUserAddress
FNDA:0,Utils.getNextUserAddress
DA:12,0
DA:13,0
DA:14,0
FN:18,Utils.createUsers
FNDA:0,Utils.createUsers
DA:22,0
DA:23,0
DA:24,0
DA:25,0
DA:26,0
DA:29,0
FN:32,Utils.createTokens
FNDA:0,Utils.createTokens
DA:36,0
DA:37,0
DA:40,0
DA:42,0
FN:47,Utils.mineBlocks
FNDA:0,Utils.mineBlocks
DA:48,0
DA:49,0
FNF:4
FNH:0
LF:15
LH:0
BRF:0
BRH:0
end_of_record
